<?xml version="1.0" encoding="UTF-8"?>
<!-- Generated by org.testng.reporters.JUnitXMLReporter -->
<testsuite ignored="0" hostname="DESKTOP-2AOOQDK" failures="0" tests="2" name="Default test" time="44.198" errors="0" timestamp="2023-07-22T16:10:13 IST">
  <testcase classname="Com.DemoQA.TestPackage.TC03_VerifyThatHomeButtonClickeble" name="VerifyThatHomeButtonClickeble" time="9.118"/>
  <testcase classname="Com.DemoQA.TestPackage.TC03_VerifyThatHomeButtonClickeble" name="tc2" time="0.003"/>
</testsuite> <!-- Default test -->
