<?xml version="1.0" encoding="UTF-8"?>
<testng-results ignored="0" total="2" passed="2" failed="0" skipped="0">
  <reporter-output>
    <line>
      <![CDATA[TC2 Pass]]>
    </line>
  </reporter-output>
  <suite started-at="2023-07-22T16:09:29 IST" name="Default suite" finished-at="2023-07-22T16:10:13 IST" duration-ms="44198">
    <groups>
    </groups>
    <test started-at="2023-07-22T16:09:29 IST" name="Default test" finished-at="2023-07-22T16:10:13 IST" duration-ms="44198">
      <class name="Com.DemoQA.TestPackage.TC03_VerifyThatHomeButtonClickeble">
        <test-method is-config="true" signature="extentSetup()[pri:0, instance:Com.DemoQA.TestPackage.TC03_VerifyThatHomeButtonClickeble@5a56cdac]" started-at="2023-07-22T16:09:29 IST" name="extentSetup" finished-at="2023-07-22T16:09:29 IST" duration-ms="428" status="PASS">
          <reporter-output>
          </reporter-output>
        </test-method> <!-- extentSetup -->
        <test-method is-config="true" signature="setUp()[pri:0, instance:Com.DemoQA.TestPackage.TC03_VerifyThatHomeButtonClickeble@5a56cdac]" started-at="2023-07-22T16:09:29 IST" name="setUp" finished-at="2023-07-22T16:09:48 IST" duration-ms="18687" status="PASS">
          <reporter-output>
          </reporter-output>
        </test-method> <!-- setUp -->
        <test-method signature="VerifyThatHomeButtonClickeble()[pri:0, instance:Com.DemoQA.TestPackage.TC03_VerifyThatHomeButtonClickeble@5a56cdac]" started-at="2023-07-22T16:09:48 IST" name="VerifyThatHomeButtonClickeble" finished-at="2023-07-22T16:09:57 IST" duration-ms="9118" status="PASS">
          <reporter-output>
          </reporter-output>
        </test-method> <!-- VerifyThatHomeButtonClickeble -->
        <test-method is-config="true" signature="tearDown(org.testng.ITestResult)[pri:0, instance:Com.DemoQA.TestPackage.TC03_VerifyThatHomeButtonClickeble@5a56cdac]" started-at="2023-07-22T16:09:57 IST" name="tearDown" finished-at="2023-07-22T16:09:58 IST" duration-ms="533" status="PASS">
          <params>
            <param index="0">
              <value>
                <![CDATA[[TestResult name=VerifyThatHomeButtonClickeble status=SUCCESS method=TC03_VerifyThatHomeButtonClickeble.VerifyThatHomeButtonClickeble()[pri:0, instance:Com.DemoQA.TestPackage.TC03_VerifyThatHomeButtonClickeble@5a56cdac] output={null}]]]>
              </value>
            </param>
          </params>
          <reporter-output>
          </reporter-output>
        </test-method> <!-- tearDown -->
        <test-method is-config="true" signature="setUp()[pri:0, instance:Com.DemoQA.TestPackage.TC03_VerifyThatHomeButtonClickeble@5a56cdac]" started-at="2023-07-22T16:09:58 IST" name="setUp" finished-at="2023-07-22T16:10:12 IST" duration-ms="14873" status="PASS">
          <reporter-output>
          </reporter-output>
        </test-method> <!-- setUp -->
        <test-method signature="tc2()[pri:0, instance:Com.DemoQA.TestPackage.TC03_VerifyThatHomeButtonClickeble@5a56cdac]" started-at="2023-07-22T16:10:12 IST" name="tc2" finished-at="2023-07-22T16:10:12 IST" duration-ms="3" status="PASS">
          <reporter-output>
            <line>
              <![CDATA[TC2 Pass]]>
            </line>
          </reporter-output>
        </test-method> <!-- tc2 -->
        <test-method is-config="true" signature="tearDown(org.testng.ITestResult)[pri:0, instance:Com.DemoQA.TestPackage.TC03_VerifyThatHomeButtonClickeble@5a56cdac]" started-at="2023-07-22T16:10:12 IST" name="tearDown" finished-at="2023-07-22T16:10:13 IST" duration-ms="443" status="PASS">
          <params>
            <param index="0">
              <value>
                <![CDATA[[TestResult name=tc2 status=SUCCESS method=TC03_VerifyThatHomeButtonClickeble.tc2()[pri:0, instance:Com.DemoQA.TestPackage.TC03_VerifyThatHomeButtonClickeble@5a56cdac] output=TC2 Pass]]]>
              </value>
            </param>
          </params>
          <reporter-output>
          </reporter-output>
        </test-method> <!-- tearDown -->
      </class> <!-- Com.DemoQA.TestPackage.TC03_VerifyThatHomeButtonClickeble -->
    </test> <!-- Default test -->
  </suite> <!-- Default suite -->
</testng-results>
